<?xml version="1.0" encoding="UTF-8"?>
<testng-results ignored="0" total="1" passed="1" failed="0" skipped="0">
  <reporter-output>
  </reporter-output>
  <suite started-at="2023-07-24T17:55:03 IST" name="Suite" finished-at="2023-07-24T17:55:13 IST" duration-ms="9594">
    <groups>
    </groups>
    <test started-at="2023-07-24T17:55:03 IST" name="Test" finished-at="2023-07-24T17:55:13 IST" duration-ms="9594">
      <class name="com.sdet.TC1_Login">
        <test-method signature="logintest()[pri:0, instance:com.sdet.TC1_Login@3835c46]" started-at="2023-07-24T17:55:03 IST" name="logintest" finished-at="2023-07-24T17:55:13 IST" duration-ms="9544" status="PASS">
          <reporter-output>
          </reporter-output>
        </test-method> <!-- logintest -->
      </class> <!-- com.sdet.TC1_Login -->
    </test> <!-- Test -->
  </suite> <!-- Suite -->
</testng-results>
